<?xml version="1.0" encoding="UTF-8"?>
<!-- Generated by org.testng.reporters.JUnitXMLReporter -->
<testsuite ignored="0" hostname="DESKTOP-S8DN252" failures="1" tests="5" name="Testing phase" time="33.123" errors="0" timestamp="2021-07-23T14:42:14 IST">
  <testcase classname="com.cognizant.projects.Testing.MainTesting" name="showBookShelves" time="9.594"/>
  <testcase classname="com.cognizant.projects.Testing.MainTesting" name="getFirstThreeBookshelves" time="3.815"/>
  <testcase classname="com.cognizant.projects.Testing.MainTesting" name="getGiftCards" time="15.862"/>
  <testcase classname="com.cognizant.projects.Testing.MainTesting" name="getListOfSubmenuItems" time="3.732"/>
  <testcase classname="com.cognizant.projects.Testing.MainTesting" name="emailEnterdisWrong" time="0.011">
    <failure type="junit.framework.AssertionFailedError">
      <![CDATA[junit.framework.AssertionFailedError
at junit.framework.Assert.fail(Assert.java:47)
at junit.framework.Assert.assertTrue(Assert.java:20)
at junit.framework.Assert.assertTrue(Assert.java:27)
at com.cognizant.projects.Testing.MainTesting.emailEnterdisWrong(MainTesting.java:86)
at java.base/java.util.ArrayList.forEach(ArrayList.java:1511)
... Removed 27 stack frames]]>
    </failure>
  </testcase> <!-- emailEnterdisWrong -->
</testsuite> <!-- Testing phase -->
